<?xml version="1.0" encoding="UTF-8"?>
<!-- Generated by org.testng.reporters.JUnitXMLReporter -->
<testsuite ignored="0" hostname="DESKTOP-1AQ2CUN" failures="0" tests="5" name="Default test" time="24.293" errors="0" timestamp="2023-04-12T10:16:37 IST">
  <testcase classname="TC_001.page_test" name="VarifyTitle" time="0.629"/>
  <testcase classname="TC_001.page_test" name="VerifyLogo" time="0.066"/>
  <testcase classname="TC_001.page_test" name="login" time="2.984"/>
  <testcase classname="TC_001.page_test" name="Screen" time="0.735"/>
  <testcase classname="TC_001.page_test" name="scroll" time="0.027"/>
</testsuite> <!-- Default test -->
